<?xml version="1.0" encoding="UTF-8"?>
<testsuite xmlns:xsi="http://www.w3.org/2001/XMLSchema-instance" xsi:noNamespaceSchemaLocation="https://maven.apache.org/surefire/maven-surefire-plugin/xsd/surefire-test-report-3.0.xsd" version="3.0" name="com.pasqual.PontoTest" time="0.015" tests="2" errors="0" skipped="0" failures="0">
  <properties>
[...]
</properties>
  <testcase name="unEqualPoin" classname="com.pasqual.PontoTest" time="0.004"/>
  <testcase name="equalPoint" classname="com.pasqual.PontoTest" time="0.002"/>
</testsuite>